<?xml version="1.0" encoding="UTF-8"?>
<!-- Generated by org.testng.reporters.JUnitXMLReporter -->
<testsuite ignored="0" hostname="LAPTOP-TO73PJJS" failures="0" tests="11" name="Default test" time="218.695" errors="0" timestamp="18 Jan 2022 09:19:31 GMT">
  <testcase classname="runner.WebApp" name="HomePage" time="0.698"/>
  <testcase classname="runner.WebApp" name="LocalPage" time="27.134"/>
  <testcase classname="runner.WebApp" name="SignUp" time="4.992"/>
  <testcase classname="runner.WebApp" name="HomepageLogin" time="4.243"/>
  <testcase classname="runner.WebApp" name="AboutPage" time="2.727"/>
  <testcase classname="runner.WebApp" name="ContactPage" time="4.084"/>
  <testcase classname="runner.WebApp" name="OnewayPage" time="15.81"/>
  <testcase classname="runner.WebApp" name="OutstationPage" time="22.954"/>
  <testcase classname="runner.WebApp" name="AirportPage" time="26.498"/>
  <testcase classname="runner.WebApp" name="CorporatePage" time="9.388"/>
  <testcase classname="runner.WebApp" name="SitemapPage" time="6.51"/>
</testsuite> <!-- Default test -->
