<?xml version="1.0" encoding="UTF-8"?>
<testng-results ignored="0" total="11" passed="11" failed="0" skipped="0">
  <reporter-output>
  </reporter-output>
  <suite started-at="2022-01-18T09:15:53Z" name="Default suite" finished-at="2022-01-18T09:19:31Z" duration-ms="218695">
    <groups>
    </groups>
    <test started-at="2022-01-18T09:15:53Z" name="Default test" finished-at="2022-01-18T09:19:31Z" duration-ms="218695">
      <class name="runner.WebApp">
        <test-method is-config="true" signature="Before()[pri:0, instance:runner.WebApp@192d74fb]" started-at="2022-01-18T09:15:53Z" name="Before" finished-at="2022-01-18T09:16:02Z" duration-ms="9665" status="PASS">
          <reporter-output>
          </reporter-output>
        </test-method> <!-- Before -->
        <test-method signature="HomePage()[pri:1, instance:runner.WebApp@192d74fb]" started-at="2022-01-18T09:16:02Z" name="HomePage" finished-at="2022-01-18T09:16:03Z" duration-ms="698" status="PASS">
          <reporter-output>
          </reporter-output>
        </test-method> <!-- HomePage -->
        <test-method is-config="true" signature="After()[pri:0, instance:runner.WebApp@192d74fb]" started-at="2022-01-18T09:16:03Z" name="After" finished-at="2022-01-18T09:16:03Z" duration-ms="411" status="PASS">
          <reporter-output>
          </reporter-output>
        </test-method> <!-- After -->
        <test-method is-config="true" signature="Before()[pri:0, instance:runner.WebApp@192d74fb]" started-at="2022-01-18T09:16:03Z" name="Before" finished-at="2022-01-18T09:16:11Z" duration-ms="7302" status="PASS">
          <reporter-output>
          </reporter-output>
        </test-method> <!-- Before -->
        <test-method signature="LocalPage()[pri:1, instance:runner.WebApp@192d74fb]" started-at="2022-01-18T09:16:11Z" name="LocalPage" finished-at="2022-01-18T09:16:38Z" duration-ms="27134" status="PASS">
          <reporter-output>
          </reporter-output>
        </test-method> <!-- LocalPage -->
        <test-method is-config="true" signature="After()[pri:0, instance:runner.WebApp@192d74fb]" started-at="2022-01-18T09:16:38Z" name="After" finished-at="2022-01-18T09:16:38Z" duration-ms="513" status="PASS">
          <reporter-output>
          </reporter-output>
        </test-method> <!-- After -->
        <test-method is-config="true" signature="Before()[pri:0, instance:runner.WebApp@192d74fb]" started-at="2022-01-18T09:16:38Z" name="Before" finished-at="2022-01-18T09:16:45Z" duration-ms="6742" status="PASS">
          <reporter-output>
          </reporter-output>
        </test-method> <!-- Before -->
        <test-method signature="SignUp()[pri:2, instance:runner.WebApp@192d74fb]" started-at="2022-01-18T09:16:45Z" name="SignUp" finished-at="2022-01-18T09:16:50Z" duration-ms="4992" status="PASS">
          <reporter-output>
          </reporter-output>
        </test-method> <!-- SignUp -->
        <test-method is-config="true" signature="After()[pri:0, instance:runner.WebApp@192d74fb]" started-at="2022-01-18T09:16:50Z" name="After" finished-at="2022-01-18T09:16:51Z" duration-ms="1247" status="PASS">
          <reporter-output>
          </reporter-output>
        </test-method> <!-- After -->
        <test-method is-config="true" signature="Before()[pri:0, instance:runner.WebApp@192d74fb]" started-at="2022-01-18T09:16:51Z" name="Before" finished-at="2022-01-18T09:16:58Z" duration-ms="6876" status="PASS">
          <reporter-output>
          </reporter-output>
        </test-method> <!-- Before -->
        <test-method signature="HomepageLogin()[pri:3, instance:runner.WebApp@192d74fb]" started-at="2022-01-18T09:16:58Z" name="HomepageLogin" finished-at="2022-01-18T09:17:02Z" duration-ms="4243" status="PASS">
          <reporter-output>
          </reporter-output>
        </test-method> <!-- HomepageLogin -->
        <test-method is-config="true" signature="After()[pri:0, instance:runner.WebApp@192d74fb]" started-at="2022-01-18T09:17:02Z" name="After" finished-at="2022-01-18T09:17:03Z" duration-ms="789" status="PASS">
          <reporter-output>
          </reporter-output>
        </test-method> <!-- After -->
        <test-method is-config="true" signature="Before()[pri:0, instance:runner.WebApp@192d74fb]" started-at="2022-01-18T09:17:03Z" name="Before" finished-at="2022-01-18T09:17:12Z" duration-ms="8887" status="PASS">
          <reporter-output>
          </reporter-output>
        </test-method> <!-- Before -->
        <test-method signature="AboutPage()[pri:4, instance:runner.WebApp@192d74fb]" started-at="2022-01-18T09:17:12Z" name="AboutPage" finished-at="2022-01-18T09:17:15Z" duration-ms="2727" status="PASS">
          <reporter-output>
          </reporter-output>
        </test-method> <!-- AboutPage -->
        <test-method is-config="true" signature="After()[pri:0, instance:runner.WebApp@192d74fb]" started-at="2022-01-18T09:17:15Z" name="After" finished-at="2022-01-18T09:17:15Z" duration-ms="402" status="PASS">
          <reporter-output>
          </reporter-output>
        </test-method> <!-- After -->
        <test-method is-config="true" signature="Before()[pri:0, instance:runner.WebApp@192d74fb]" started-at="2022-01-18T09:17:15Z" name="Before" finished-at="2022-01-18T09:17:24Z" duration-ms="9050" status="PASS">
          <reporter-output>
          </reporter-output>
        </test-method> <!-- Before -->
        <test-method signature="ContactPage()[pri:5, instance:runner.WebApp@192d74fb]" started-at="2022-01-18T09:17:24Z" name="ContactPage" finished-at="2022-01-18T09:17:28Z" duration-ms="4084" status="PASS">
          <reporter-output>
          </reporter-output>
        </test-method> <!-- ContactPage -->
        <test-method is-config="true" signature="After()[pri:0, instance:runner.WebApp@192d74fb]" started-at="2022-01-18T09:17:28Z" name="After" finished-at="2022-01-18T09:17:29Z" duration-ms="291" status="PASS">
          <reporter-output>
          </reporter-output>
        </test-method> <!-- After -->
        <test-method is-config="true" signature="Before()[pri:0, instance:runner.WebApp@192d74fb]" started-at="2022-01-18T09:17:29Z" name="Before" finished-at="2022-01-18T09:17:38Z" duration-ms="8963" status="PASS">
          <reporter-output>
          </reporter-output>
        </test-method> <!-- Before -->
        <test-method signature="OnewayPage()[pri:6, instance:runner.WebApp@192d74fb]" started-at="2022-01-18T09:17:38Z" name="OnewayPage" finished-at="2022-01-18T09:17:53Z" duration-ms="15810" status="PASS">
          <reporter-output>
          </reporter-output>
        </test-method> <!-- OnewayPage -->
        <test-method is-config="true" signature="After()[pri:0, instance:runner.WebApp@192d74fb]" started-at="2022-01-18T09:17:53Z" name="After" finished-at="2022-01-18T09:17:54Z" duration-ms="330" status="PASS">
          <reporter-output>
          </reporter-output>
        </test-method> <!-- After -->
        <test-method is-config="true" signature="Before()[pri:0, instance:runner.WebApp@192d74fb]" started-at="2022-01-18T09:17:54Z" name="Before" finished-at="2022-01-18T09:18:01Z" duration-ms="7341" status="PASS">
          <reporter-output>
          </reporter-output>
        </test-method> <!-- Before -->
        <test-method signature="OutstationPage()[pri:8, instance:runner.WebApp@192d74fb]" started-at="2022-01-18T09:18:01Z" name="OutstationPage" finished-at="2022-01-18T09:18:24Z" duration-ms="22954" status="PASS">
          <reporter-output>
          </reporter-output>
        </test-method> <!-- OutstationPage -->
        <test-method is-config="true" signature="After()[pri:0, instance:runner.WebApp@192d74fb]" started-at="2022-01-18T09:18:24Z" name="After" finished-at="2022-01-18T09:18:24Z" duration-ms="398" status="PASS">
          <reporter-output>
          </reporter-output>
        </test-method> <!-- After -->
        <test-method is-config="true" signature="Before()[pri:0, instance:runner.WebApp@192d74fb]" started-at="2022-01-18T09:18:24Z" name="Before" finished-at="2022-01-18T09:18:32Z" duration-ms="7744" status="PASS">
          <reporter-output>
          </reporter-output>
        </test-method> <!-- Before -->
        <test-method signature="AirportPage()[pri:9, instance:runner.WebApp@192d74fb]" started-at="2022-01-18T09:18:32Z" name="AirportPage" finished-at="2022-01-18T09:18:59Z" duration-ms="26498" status="PASS">
          <reporter-output>
          </reporter-output>
        </test-method> <!-- AirportPage -->
        <test-method is-config="true" signature="After()[pri:0, instance:runner.WebApp@192d74fb]" started-at="2022-01-18T09:18:59Z" name="After" finished-at="2022-01-18T09:18:59Z" duration-ms="456" status="PASS">
          <reporter-output>
          </reporter-output>
        </test-method> <!-- After -->
        <test-method is-config="true" signature="Before()[pri:0, instance:runner.WebApp@192d74fb]" started-at="2022-01-18T09:18:59Z" name="Before" finished-at="2022-01-18T09:19:07Z" duration-ms="7737" status="PASS">
          <reporter-output>
          </reporter-output>
        </test-method> <!-- Before -->
        <test-method signature="CorporatePage()[pri:10, instance:runner.WebApp@192d74fb]" started-at="2022-01-18T09:19:07Z" name="CorporatePage" finished-at="2022-01-18T09:19:16Z" duration-ms="9388" status="PASS">
          <reporter-output>
          </reporter-output>
        </test-method> <!-- CorporatePage -->
        <test-method is-config="true" signature="After()[pri:0, instance:runner.WebApp@192d74fb]" started-at="2022-01-18T09:19:16Z" name="After" finished-at="2022-01-18T09:19:18Z" duration-ms="1262" status="PASS">
          <reporter-output>
          </reporter-output>
        </test-method> <!-- After -->
        <test-method is-config="true" signature="Before()[pri:0, instance:runner.WebApp@192d74fb]" started-at="2022-01-18T09:19:18Z" name="Before" finished-at="2022-01-18T09:19:24Z" duration-ms="6876" status="PASS">
          <reporter-output>
          </reporter-output>
        </test-method> <!-- Before -->
        <test-method signature="SitemapPage()[pri:11, instance:runner.WebApp@192d74fb]" started-at="2022-01-18T09:19:24Z" name="SitemapPage" finished-at="2022-01-18T09:19:31Z" duration-ms="6510" status="PASS">
          <reporter-output>
          </reporter-output>
        </test-method> <!-- SitemapPage -->
        <test-method is-config="true" signature="After()[pri:0, instance:runner.WebApp@192d74fb]" started-at="2022-01-18T09:19:31Z" name="After" finished-at="2022-01-18T09:19:31Z" duration-ms="317" status="PASS">
          <reporter-output>
          </reporter-output>
        </test-method> <!-- After -->
        <test-method is-config="true" signature="flush()[pri:0, instance:runner.WebApp@192d74fb]" started-at="2022-01-18T09:19:31Z" name="flush" finished-at="2022-01-18T09:19:32Z" duration-ms="748" status="PASS">
          <reporter-output>
          </reporter-output>
        </test-method> <!-- flush -->
      </class> <!-- runner.WebApp -->
    </test> <!-- Default test -->
  </suite> <!-- Default suite -->
</testng-results>
